<?xml version="1.0" encoding="UTF-8"?>
<!-- Generated by org.testng.reporters.JUnitXMLReporter -->
<testsuite ignored="0" hostname="LAPTOP-4OFRI5EK" failures="0" tests="3" name="Test" time="48.993" errors="0" timestamp="2020-07-16T16:34:58 VET">
  <testcase classname="Academy.HomePage" name="basePageNavigation" time="3.192"/>
  <testcase classname="Academy.HomePage" name="basePageNavigation" time="2.716"/>
  <testcase classname="Academy.validateTitle" name="basePageNavigation" time="0.074"/>
</testsuite> <!-- Test -->
