<?xml version="1.0" encoding="UTF-8"?>
<!-- Generated by org.testng.reporters.JUnitXMLReporter -->
<testsuite ignored="0" hostname="LAPTOP-4OFRI5EK" failures="0" tests="2" name="Validating User Login" time="0.206" errors="0" timestamp="2020-07-21T04:12:02 VET">
  <testcase classname="Academy.HomePage" name="@BeforeMethod initialize" time="0.01">
    <failure type="java.lang.NullPointerException">
      <![CDATA[java.lang.NullPointerException
at resources.base.intializeDriver(base.java:34)
at Academy.HomePage.initialize(HomePage.java:24)
at java.base/java.util.ArrayList.forEach(ArrayList.java:1510)
... Removed 31 stack frames]]>
    </failure>
  </testcase> <!-- @BeforeMethod initialize -->
  <testcase classname="Academy.HomePage" name="@AfterMethod teardown" time="-1.595319122553E9">
    <skipped/>
  </testcase> <!-- @AfterMethod teardown -->
  <testcase classname="Academy.HomePage" name="@BeforeMethod initialize" time="-1.595319122556E9">
    <skipped/>
  </testcase> <!-- @BeforeMethod initialize -->
  <testcase classname="Academy.HomePage" name="@AfterMethod teardown" time="-1.595319122563E9">
    <skipped/>
  </testcase> <!-- @AfterMethod teardown -->
  <testcase classname="Academy.HomePage" name="basePageNavigation" time="0.0">
    <skipped/>
  </testcase> <!-- basePageNavigation -->
  <testcase classname="Academy.HomePage" name="basePageNavigation" time="0.0">
    <skipped/>
  </testcase> <!-- basePageNavigation -->
</testsuite> <!-- Validating User Login -->
